[35m[Appium][39m Welcome to Appium v1.22.3
[35m[Appium][39m Non-default server args:
[35m[Appium][39m   port: 51694
[35m[Appium][39m   loglevel: info
[35m[Appium][39m   tmpDir: C:\Users\095061\AppData\Local\Temp\\Katalon\Appium\Temp1657563696122
[35m[Appium][39m   chromedriverPort: 51695
[35m[Appium][39m Deprecated server args:
[35m[Appium][39m   [31m--chromedriver-port[39m => --default-capabilities
[35m[Appium][39m Default capabilities, which will be added to each request unless overridden by desired capabilities:
[35m[Appium][39m   chromedriverPort: 51695
[35m[Appium][39m Appium REST http interface listener started on 0.0.0.0:51694
[35m[HTTP][39m [37m-->[39m [37mGET[39m [37m/wd/hub/status[39m
[35m[HTTP][39m [90m{}[39m
[35m[HTTP][39m [37m<-- GET /wd/hub/status [39m[32m200[39m [90m7 ms - 68[39m
[35m[HTTP][39m [90m[39m
[35m[HTTP][39m [37m-->[39m [37mGET[39m [37m/wd/hub/status[39m
[35m[HTTP][39m [90m{}[39m
[35m[HTTP][39m [37m<-- GET /wd/hub/status [39m[32m200[39m [90m2 ms - 68[39m
[35m[HTTP][39m [90m[39m
[35m[HTTP][39m [37m-->[39m [37mPOST[39m [37m/wd/hub/session[39m
[35m[HTTP][39m [90m{"desiredCapabilities":{"appPackage":"com.android.settings","deviceId":"7a1bca660404","deviceName":"Xiaomi M2004J19C (Android 11)","platform":"ANDROID","appActivity":".Settings","newCommandTimeout":1800,"platformVersion":"11","automationName":"uiautomator2","autoGrantPermissions":true,"platformName":"Android","udid":"7a1bca660404","systemPort":8261},"capabilities":{"firstMatch":[{"appium:appActivity":".Settings","appium:appPackage":"com.android.settings","appium:autoGrantPermissions":true,"appium:automationName":"uiautomator2","deviceId":"7a1bca660404","appium:deviceName":"Xiaomi M2004J19C (Android 11)","appium:newCommandTimeout":1800,"platform":"ANDROID","platformName":"android","appium:platformVersion":"11","appium:systemPort":8261,"appium:udid":"7a1bca660404"}]}}[39m
[35m[BaseDriver][39m The following capabilities are not standard capabilities and should have an extension prefix:
[35m[BaseDriver][39m   deviceId
[35m[BaseDriver][39m   platform
[35m[BaseDriver][39m   chromedriverPort
[35m[Appium][39m Appium v1.22.3 creating new AndroidUiautomator2Driver (v1.70.1) session
[35m[BaseDriver][39m The following capabilities were provided, but are not recognized by Appium:
[35m[BaseDriver][39m   deviceId
[35m[BaseDriver][39m   platform
[35m[BaseDriver][39m Session created with session id: 8e419b05-b7a7-47b6-8cf0-6cd72e7554c0
[35m[UiAutomator2][39m Starting 'com.android.settings' directly on the device
[35m[ADB][39m Found 1 'build-tools' folders under 'C:\Users\095061\.katalon\tools\android_sdk' (newest first):
[35m[ADB][39m     C:/Users/095061/.katalon/tools/android_sdk/build-tools/29.0.3
[35m[ADB][39m Using 'adb.exe' from 'C:\Users\095061\.katalon\tools\android_sdk\platform-tools\adb.exe'
[35m[AndroidDriver][39m Retrieving device list
[35m[AndroidDriver][39m Using device: 7a1bca660404
[35m[ADB][39m Using 'adb.exe' from 'C:\Users\095061\.katalon\tools\android_sdk\platform-tools\adb.exe'
[35m[ADB][39m Getting device platform version
[35m[UiAutomator2][39m Relaxing hidden api policy
[35m[AndroidDriver][39m No app sent in, not parsing package/activity
[35m[ADB][39m Using 'apksigner.jar' from 'C:\Users\095061\.katalon\tools\android_sdk\build-tools\29.0.3\lib\apksigner.jar'
[35m[ADB][39m 'C:\Users\095061\AppData\Roaming\npm\node_modules\appium\node_modules\appium-uiautomator2-server\apks\appium-uiautomator2-server-v4.27.0.apk' is signed with the default certificate
[35m[ADB][39m 'C:\Users\095061\AppData\Roaming\npm\node_modules\appium\node_modules\appium-uiautomator2-server\apks\appium-uiautomator2-server-debug-androidTest.apk' is signed with the default certificate
[35m[UiAutomator2][39m Server packages are not going to be (re)installed
[35m[ADB][39m Adding packages ["io.appium.settings","io.appium.uiautomator2.server","io.appium.uiautomator2.server.test"] to Doze whitelist
[35m[UiAutomator2][39m Starting UIAutomator2 server 4.27.0
[35m[UiAutomator2][39m Using UIAutomator2 server from 'C:\Users\095061\AppData\Roaming\npm\node_modules\appium\node_modules\appium-uiautomator2-server\apks\appium-uiautomator2-server-v4.27.0.apk' and test from 'C:\Users\095061\AppData\Roaming\npm\node_modules\appium\node_modules\appium-uiautomator2-server\apks\appium-uiautomator2-server-debug-androidTest.apk'
[35m[UiAutomator2][39m Waiting up to 30000ms for UiAutomator2 to be online...
[35m[WD Proxy][39m socket hang up
[35m[WD Proxy][39m socket hang up
[35m[WD Proxy][39m socket hang up
[35m[WD Proxy][39m socket hang up
[35m[WD Proxy][39m Determined the downstream protocol as 'W3C'
[35m[AndroidDriver][39m Screen already unlocked, doing nothing
[35m[UiAutomator2][39m Starting 'com.android.settings/.Settings and waiting for 'com.android.settings/.Settings'
[35m[Appium][39m New AndroidUiautomator2Driver session created successfully, session 8e419b05-b7a7-47b6-8cf0-6cd72e7554c0 added to master session list
[35m[HTTP][39m [37m<-- POST /wd/hub/session [39m[32m200[39m [90m13330 ms - 1213[39m
[35m[HTTP][39m [90m[39m
[35m[HTTP][39m [37m-->[39m [37mGET[39m [37m/wd/hub/session/8e419b05-b7a7-47b6-8cf0-6cd72e7554c0[39m
[35m[HTTP][39m [90m{}[39m
[35m[HTTP][39m [37m<-- GET /wd/hub/session/8e419b05-b7a7-47b6-8cf0-6cd72e7554c0 [39m[32m200[39m [90m14 ms - 1167[39m
[35m[HTTP][39m [90m[39m
[35m[HTTP][39m [37m-->[39m [37mGET[39m [37m/wd/hub/session/8e419b05-b7a7-47b6-8cf0-6cd72e7554c0[39m
[35m[HTTP][39m [90m{}[39m
[35m[HTTP][39m [37m<-- GET /wd/hub/session/8e419b05-b7a7-47b6-8cf0-6cd72e7554c0 [39m[32m200[39m [90m16 ms - 1167[39m
[35m[HTTP][39m [90m[39m
[35m[HTTP][39m [37m-->[39m [37mGET[39m [37m/wd/hub/status[39m
[35m[HTTP][39m [90m{}[39m
[35m[HTTP][39m [37m<-- GET /wd/hub/status [39m[32m200[39m [90m1 ms - 68[39m
[35m[HTTP][39m [90m[39m
[35m[HTTP][39m [37m-->[39m [37mPOST[39m [37m/wd/hub/session/8e419b05-b7a7-47b6-8cf0-6cd72e7554c0/timeouts[39m
[35m[HTTP][39m [90m{"implicit":60000}[39m
[35m[HTTP][39m [37m<-- POST /wd/hub/session/8e419b05-b7a7-47b6-8cf0-6cd72e7554c0/timeouts [39m[32m200[39m [90m4 ms - 14[39m
[35m[HTTP][39m [90m[39m
[35m[HTTP][39m [37m-->[39m [37mGET[39m [37m/wd/hub/session/8e419b05-b7a7-47b6-8cf0-6cd72e7554c0/screenshot[39m
[35m[HTTP][39m [90m{}[39m
[35m[HTTP][39m [37m<-- GET /wd/hub/session/8e419b05-b7a7-47b6-8cf0-6cd72e7554c0/screenshot [39m[32m200[39m [90m992 ms - 175456[39m
[35m[HTTP][39m [90m[39m
[35m[HTTP][39m [37m-->[39m [37mGET[39m [37m/wd/hub/session/8e419b05-b7a7-47b6-8cf0-6cd72e7554c0/window/rect[39m
[35m[HTTP][39m [90m{}[39m
[35m[HTTP][39m [37m<-- GET /wd/hub/session/8e419b05-b7a7-47b6-8cf0-6cd72e7554c0/window/rect [39m[32m200[39m [90m29 ms - 50[39m
[35m[HTTP][39m [90m[39m
[35m[HTTP][39m [37m-->[39m [37mGET[39m [37m/wd/hub/session/8e419b05-b7a7-47b6-8cf0-6cd72e7554c0/appium/device/system_bars[39m
[35m[HTTP][39m [90m{}[39m
[35m[HTTP][39m [37m<-- GET /wd/hub/session/8e419b05-b7a7-47b6-8cf0-6cd72e7554c0/appium/device/system_bars [39m[31m500[39m [90m226 ms - 649[39m
[35m[HTTP][39m [90m[39m
[35m[HTTP][39m [37m-->[39m [37mPOST[39m [37m/wd/hub/session/8e419b05-b7a7-47b6-8cf0-6cd72e7554c0/execute/sync[39m
[35m[HTTP][39m [90m{"script":"mobile:viewportRect","args":[]}[39m
[35m[AndroidDriver][39m Executing native command 'mobile:viewportRect'
[35m[HTTP][39m [37m<-- POST /wd/hub/session/8e419b05-b7a7-47b6-8cf0-6cd72e7554c0/execute/sync [39m[32m200[39m [90m27 ms - 56[39m
[35m[HTTP][39m [90m[39m
[35m[HTTP][39m [37m-->[39m [37mPOST[39m [37m/wd/hub/session/8e419b05-b7a7-47b6-8cf0-6cd72e7554c0/appium/device/activate_app[39m
[35m[HTTP][39m [90m{"bundleId":"com.solodroid.solomerce"}[39m
[35m[HTTP][39m [37m<-- POST /wd/hub/session/8e419b05-b7a7-47b6-8cf0-6cd72e7554c0/appium/device/activate_app [39m[32m200[39m [90m669 ms - 14[39m
[35m[HTTP][39m [90m[39m
[35m[HTTP][39m [37m-->[39m [37mGET[39m [37m/wd/hub/session/8e419b05-b7a7-47b6-8cf0-6cd72e7554c0/source[39m
[35m[HTTP][39m [90m{}[39m
[35m[W3C (8e419b05)][39m Driver proxy active, passing request on via HTTP proxy
[35m[WD Proxy][39m Replacing sessionId f1a36524-7168-4680-a0c2-ad0cce38b4ee with 8e419b05-b7a7-47b6-8cf0-6cd72e7554c0
[35m[HTTP][39m [37m<-- GET /wd/hub/session/8e419b05-b7a7-47b6-8cf0-6cd72e7554c0/source [39m[32m200[39m [90m670 ms - 3679[39m
[35m[HTTP][39m [90m[39m
[35m[HTTP][39m [37m-->[39m [37mGET[39m [37m/wd/hub/session/8e419b05-b7a7-47b6-8cf0-6cd72e7554c0/screenshot[39m
[35m[HTTP][39m [90m{}[39m
[35m[HTTP][39m [37m<-- GET /wd/hub/session/8e419b05-b7a7-47b6-8cf0-6cd72e7554c0/screenshot [39m[32m200[39m [90m853 ms - 401172[39m
[35m[HTTP][39m [90m[39m
[35m[HTTP][39m [37m-->[39m [37mGET[39m [37m/wd/hub/session/8e419b05-b7a7-47b6-8cf0-6cd72e7554c0/source[39m
[35m[HTTP][39m [90m{}[39m
[35m[W3C (8e419b05)][39m Driver proxy active, passing request on via HTTP proxy
[35m[WD Proxy][39m Replacing sessionId f1a36524-7168-4680-a0c2-ad0cce38b4ee with 8e419b05-b7a7-47b6-8cf0-6cd72e7554c0
[35m[HTTP][39m [37m<-- GET /wd/hub/session/8e419b05-b7a7-47b6-8cf0-6cd72e7554c0/source [39m[32m200[39m [90m525 ms - 36008[39m
[35m[HTTP][39m [90m[39m
[35m[HTTP][39m [37m-->[39m [37mGET[39m [37m/wd/hub/session/8e419b05-b7a7-47b6-8cf0-6cd72e7554c0/screenshot[39m
[35m[HTTP][39m [90m{}[39m
[35m[HTTP][39m [37m<-- GET /wd/hub/session/8e419b05-b7a7-47b6-8cf0-6cd72e7554c0/screenshot [39m[32m200[39m [90m1913 ms - 1730304[39m
[35m[HTTP][39m [90m[39m
[35m[HTTP][39m [37m-->[39m [37mGET[39m [37m/wd/hub/session/8e419b05-b7a7-47b6-8cf0-6cd72e7554c0/source[39m
[35m[HTTP][39m [90m{}[39m
[35m[W3C (8e419b05)][39m Driver proxy active, passing request on via HTTP proxy
[35m[WD Proxy][39m Replacing sessionId f1a36524-7168-4680-a0c2-ad0cce38b4ee with 8e419b05-b7a7-47b6-8cf0-6cd72e7554c0
[35m[HTTP][39m [37m<-- GET /wd/hub/session/8e419b05-b7a7-47b6-8cf0-6cd72e7554c0/source [39m[32m200[39m [90m386 ms - 36008[39m
[35m[HTTP][39m [90m[39m
[35m[HTTP][39m [37m-->[39m [37mGET[39m [37m/wd/hub/session/8e419b05-b7a7-47b6-8cf0-6cd72e7554c0/screenshot[39m
[35m[HTTP][39m [90m{}[39m
[35m[HTTP][39m [37m<-- GET /wd/hub/session/8e419b05-b7a7-47b6-8cf0-6cd72e7554c0/screenshot [39m[32m200[39m [90m1920 ms - 2031522[39m
[35m[HTTP][39m [90m[39m
[35m[HTTP][39m [37m-->[39m [37mPOST[39m [37m/wd/hub/session/8e419b05-b7a7-47b6-8cf0-6cd72e7554c0/elements[39m
[35m[HTTP][39m [90m{"using":"xpath","value":"//*[@class = 'android.widget.TextView' and (@text = 'Category' or . = 'Category') and @resource-id = 'com.solodroid.solomerce:id/smallLabel']"}[39m
[35m[HTTP][39m [37m<-- POST /wd/hub/session/8e419b05-b7a7-47b6-8cf0-6cd72e7554c0/elements [39m[32m200[39m [90m603 ms - 139[39m
[35m[HTTP][39m [90m[39m
[35m[HTTP][39m [37m-->[39m [37mGET[39m [37m/wd/hub/session/8e419b05-b7a7-47b6-8cf0-6cd72e7554c0/window/rect[39m
[35m[HTTP][39m [90m{}[39m
[35m[HTTP][39m [37m<-- GET /wd/hub/session/8e419b05-b7a7-47b6-8cf0-6cd72e7554c0/window/rect [39m[32m200[39m [90m13 ms - 50[39m
[35m[HTTP][39m [90m[39m
[35m[HTTP][39m [37m-->[39m [37mPOST[39m [37m/wd/hub/session/8e419b05-b7a7-47b6-8cf0-6cd72e7554c0/elements[39m
[35m[HTTP][39m [90m{"using":"xpath","value":"//*[@class = 'android.widget.TextView' and (@text = 'Category' or . = 'Category') and @resource-id = 'com.solodroid.solomerce:id/smallLabel']"}[39m
[35m[HTTP][39m [37m<-- POST /wd/hub/session/8e419b05-b7a7-47b6-8cf0-6cd72e7554c0/elements [39m[32m200[39m [90m164 ms - 139[39m
[35m[HTTP][39m [90m[39m
[35m[HTTP][39m [37m-->[39m [37mGET[39m [37m/wd/hub/session/8e419b05-b7a7-47b6-8cf0-6cd72e7554c0/element/00000000-0000-0684-ffff-ffff00000022/location[39m
[35m[HTTP][39m [90m{}[39m
[35m[W3C (8e419b05)][39m Driver proxy active, passing request on via HTTP proxy
[35m[WD Proxy][39m Replacing sessionId f1a36524-7168-4680-a0c2-ad0cce38b4ee with 8e419b05-b7a7-47b6-8cf0-6cd72e7554c0
[35m[HTTP][39m [37m<-- GET /wd/hub/session/8e419b05-b7a7-47b6-8cf0-6cd72e7554c0/element/00000000-0000-0684-ffff-ffff00000022/location [39m[32m200[39m [90m23 ms - 79[39m
[35m[HTTP][39m [90m[39m
[35m[HTTP][39m [37m-->[39m [37mPOST[39m [37m/wd/hub/session/8e419b05-b7a7-47b6-8cf0-6cd72e7554c0/elements[39m
[35m[HTTP][39m [90m{"using":"xpath","value":"//*[@class = 'android.widget.TextView' and (@text = 'Category' or . = 'Category') and @resource-id = 'com.solodroid.solomerce:id/smallLabel']"}[39m
[35m[HTTP][39m [37m<-- POST /wd/hub/session/8e419b05-b7a7-47b6-8cf0-6cd72e7554c0/elements [39m[32m200[39m [90m164 ms - 139[39m
[35m[HTTP][39m [90m[39m
[35m[HTTP][39m [37m-->[39m [37mGET[39m [37m/wd/hub/session/8e419b05-b7a7-47b6-8cf0-6cd72e7554c0/element/00000000-0000-0684-ffff-ffff00000022/location[39m
[35m[HTTP][39m [90m{}[39m
[35m[W3C (8e419b05)][39m Driver proxy active, passing request on via HTTP proxy
[35m[WD Proxy][39m Replacing sessionId f1a36524-7168-4680-a0c2-ad0cce38b4ee with 8e419b05-b7a7-47b6-8cf0-6cd72e7554c0
[35m[HTTP][39m [37m<-- GET /wd/hub/session/8e419b05-b7a7-47b6-8cf0-6cd72e7554c0/element/00000000-0000-0684-ffff-ffff00000022/location [39m[32m200[39m [90m16 ms - 79[39m
[35m[HTTP][39m [90m[39m
[35m[HTTP][39m [37m-->[39m [37mPOST[39m [37m/wd/hub/session/8e419b05-b7a7-47b6-8cf0-6cd72e7554c0/elements[39m
[35m[HTTP][39m [90m{"using":"xpath","value":"//*[@class = 'android.widget.TextView' and (@text = 'Category' or . = 'Category') and @resource-id = 'com.solodroid.solomerce:id/smallLabel']"}[39m
[35m[HTTP][39m [37m<-- POST /wd/hub/session/8e419b05-b7a7-47b6-8cf0-6cd72e7554c0/elements [39m[32m200[39m [90m141 ms - 139[39m
[35m[HTTP][39m [90m[39m
[35m[HTTP][39m [37m-->[39m [37mGET[39m [37m/wd/hub/session/8e419b05-b7a7-47b6-8cf0-6cd72e7554c0/element/00000000-0000-0684-ffff-ffff00000022/location[39m
[35m[HTTP][39m [90m{}[39m
[35m[W3C (8e419b05)][39m Driver proxy active, passing request on via HTTP proxy
[35m[WD Proxy][39m Replacing sessionId f1a36524-7168-4680-a0c2-ad0cce38b4ee with 8e419b05-b7a7-47b6-8cf0-6cd72e7554c0
[35m[HTTP][39m [37m<-- GET /wd/hub/session/8e419b05-b7a7-47b6-8cf0-6cd72e7554c0/element/00000000-0000-0684-ffff-ffff00000022/location [39m[32m200[39m [90m17 ms - 79[39m
[35m[HTTP][39m [90m[39m
[35m[HTTP][39m [37m-->[39m [37mPOST[39m [37m/wd/hub/session/8e419b05-b7a7-47b6-8cf0-6cd72e7554c0/elements[39m
[35m[HTTP][39m [90m{"using":"xpath","value":"//*[@class = 'android.widget.TextView' and (@text = 'Category' or . = 'Category') and @resource-id = 'com.solodroid.solomerce:id/smallLabel']"}[39m
[35m[HTTP][39m [37m<-- POST /wd/hub/session/8e419b05-b7a7-47b6-8cf0-6cd72e7554c0/elements [39m[32m200[39m [90m138 ms - 139[39m
[35m[HTTP][39m [90m[39m
[35m[HTTP][39m [37m-->[39m [37mGET[39m [37m/wd/hub/session/8e419b05-b7a7-47b6-8cf0-6cd72e7554c0/element/00000000-0000-0684-ffff-ffff00000022/location[39m
[35m[HTTP][39m [90m{}[39m
[35m[W3C (8e419b05)][39m Driver proxy active, passing request on via HTTP proxy
[35m[WD Proxy][39m Replacing sessionId f1a36524-7168-4680-a0c2-ad0cce38b4ee with 8e419b05-b7a7-47b6-8cf0-6cd72e7554c0
[35m[HTTP][39m [37m<-- GET /wd/hub/session/8e419b05-b7a7-47b6-8cf0-6cd72e7554c0/element/00000000-0000-0684-ffff-ffff00000022/location [39m[32m200[39m [90m19 ms - 79[39m
[35m[HTTP][39m [90m[39m
[35m[HTTP][39m [37m-->[39m [37mPOST[39m [37m/wd/hub/session/8e419b05-b7a7-47b6-8cf0-6cd72e7554c0/elements[39m
[35m[HTTP][39m [90m{"using":"xpath","value":"//*[@class = 'android.widget.TextView' and (@text = 'Category' or . = 'Category') and @resource-id = 'com.solodroid.solomerce:id/smallLabel']"}[39m
[35m[HTTP][39m [37m<-- POST /wd/hub/session/8e419b05-b7a7-47b6-8cf0-6cd72e7554c0/elements [39m[32m200[39m [90m132 ms - 139[39m
[35m[HTTP][39m [90m[39m
[35m[HTTP][39m [37m-->[39m [37mGET[39m [37m/wd/hub/session/8e419b05-b7a7-47b6-8cf0-6cd72e7554c0/element/00000000-0000-0684-ffff-ffff00000022/location[39m
[35m[HTTP][39m [90m{}[39m
[35m[W3C (8e419b05)][39m Driver proxy active, passing request on via HTTP proxy
[35m[WD Proxy][39m Replacing sessionId f1a36524-7168-4680-a0c2-ad0cce38b4ee with 8e419b05-b7a7-47b6-8cf0-6cd72e7554c0
[35m[HTTP][39m [37m<-- GET /wd/hub/session/8e419b05-b7a7-47b6-8cf0-6cd72e7554c0/element/00000000-0000-0684-ffff-ffff00000022/location [39m[32m200[39m [90m19 ms - 79[39m
[35m[HTTP][39m [90m[39m
[35m[HTTP][39m [37m-->[39m [37mPOST[39m [37m/wd/hub/session/8e419b05-b7a7-47b6-8cf0-6cd72e7554c0/elements[39m
[35m[HTTP][39m [90m{"using":"xpath","value":"//*[@class = 'android.widget.TextView' and (@text = 'Category' or . = 'Category') and @resource-id = 'com.solodroid.solomerce:id/smallLabel']"}[39m
[35m[HTTP][39m [37m<-- POST /wd/hub/session/8e419b05-b7a7-47b6-8cf0-6cd72e7554c0/elements [39m[32m200[39m [90m142 ms - 139[39m
[35m[HTTP][39m [90m[39m
[35m[HTTP][39m [37m-->[39m [37mGET[39m [37m/wd/hub/session/8e419b05-b7a7-47b6-8cf0-6cd72e7554c0/element/00000000-0000-0684-ffff-ffff00000022/location[39m
[35m[HTTP][39m [90m{}[39m
[35m[W3C (8e419b05)][39m Driver proxy active, passing request on via HTTP proxy
[35m[WD Proxy][39m Replacing sessionId f1a36524-7168-4680-a0c2-ad0cce38b4ee with 8e419b05-b7a7-47b6-8cf0-6cd72e7554c0
[35m[HTTP][39m [37m<-- GET /wd/hub/session/8e419b05-b7a7-47b6-8cf0-6cd72e7554c0/element/00000000-0000-0684-ffff-ffff00000022/location [39m[32m200[39m [90m16 ms - 79[39m
[35m[HTTP][39m [90m[39m
[35m[HTTP][39m [37m-->[39m [37mPOST[39m [37m/wd/hub/session/8e419b05-b7a7-47b6-8cf0-6cd72e7554c0/elements[39m
[35m[HTTP][39m [90m{"using":"xpath","value":"//*[@class = 'android.widget.TextView' and (@text = 'Category' or . = 'Category') and @resource-id = 'com.solodroid.solomerce:id/smallLabel']"}[39m
[35m[HTTP][39m [37m<-- POST /wd/hub/session/8e419b05-b7a7-47b6-8cf0-6cd72e7554c0/elements [39m[32m200[39m [90m120 ms - 139[39m
[35m[HTTP][39m [90m[39m
[35m[HTTP][39m [37m-->[39m [37mGET[39m [37m/wd/hub/session/8e419b05-b7a7-47b6-8cf0-6cd72e7554c0/element/00000000-0000-0684-ffff-ffff00000022/location[39m
[35m[HTTP][39m [90m{}[39m
[35m[W3C (8e419b05)][39m Driver proxy active, passing request on via HTTP proxy
[35m[WD Proxy][39m Replacing sessionId f1a36524-7168-4680-a0c2-ad0cce38b4ee with 8e419b05-b7a7-47b6-8cf0-6cd72e7554c0
[35m[HTTP][39m [37m<-- GET /wd/hub/session/8e419b05-b7a7-47b6-8cf0-6cd72e7554c0/element/00000000-0000-0684-ffff-ffff00000022/location [39m[32m200[39m [90m20 ms - 79[39m
[35m[HTTP][39m [90m[39m
[35m[HTTP][39m [37m-->[39m [37mPOST[39m [37m/wd/hub/session/8e419b05-b7a7-47b6-8cf0-6cd72e7554c0/elements[39m
[35m[HTTP][39m [90m{"using":"xpath","value":"//*[@class = 'android.widget.TextView' and (@text = 'Category' or . = 'Category') and @resource-id = 'com.solodroid.solomerce:id/smallLabel']"}[39m
[35m[HTTP][39m [37m<-- POST /wd/hub/session/8e419b05-b7a7-47b6-8cf0-6cd72e7554c0/elements [39m[32m200[39m [90m131 ms - 139[39m
[35m[HTTP][39m [90m[39m
[35m[HTTP][39m [37m-->[39m [37mGET[39m [37m/wd/hub/session/8e419b05-b7a7-47b6-8cf0-6cd72e7554c0/element/00000000-0000-0684-ffff-ffff00000022/location[39m
[35m[HTTP][39m [90m{}[39m
[35m[W3C (8e419b05)][39m Driver proxy active, passing request on via HTTP proxy
[35m[WD Proxy][39m Replacing sessionId f1a36524-7168-4680-a0c2-ad0cce38b4ee with 8e419b05-b7a7-47b6-8cf0-6cd72e7554c0
[35m[HTTP][39m [37m<-- GET /wd/hub/session/8e419b05-b7a7-47b6-8cf0-6cd72e7554c0/element/00000000-0000-0684-ffff-ffff00000022/location [39m[32m200[39m [90m23 ms - 79[39m
[35m[HTTP][39m [90m[39m
[35m[HTTP][39m [37m-->[39m [37mPOST[39m [37m/wd/hub/session/8e419b05-b7a7-47b6-8cf0-6cd72e7554c0/elements[39m
[35m[HTTP][39m [90m{"using":"xpath","value":"//*[@class = 'android.widget.TextView' and (@text = 'Category' or . = 'Category') and @resource-id = 'com.solodroid.solomerce:id/smallLabel']"}[39m
[35m[HTTP][39m [37m<-- POST /wd/hub/session/8e419b05-b7a7-47b6-8cf0-6cd72e7554c0/elements [39m[32m200[39m [90m127 ms - 139[39m
[35m[HTTP][39m [90m[39m
[35m[HTTP][39m [37m-->[39m [37mGET[39m [37m/wd/hub/session/8e419b05-b7a7-47b6-8cf0-6cd72e7554c0/element/00000000-0000-0684-ffff-ffff00000022/location[39m
[35m[HTTP][39m [90m{}[39m
[35m[W3C (8e419b05)][39m Driver proxy active, passing request on via HTTP proxy
[35m[WD Proxy][39m Replacing sessionId f1a36524-7168-4680-a0c2-ad0cce38b4ee with 8e419b05-b7a7-47b6-8cf0-6cd72e7554c0
[35m[HTTP][39m [37m<-- GET /wd/hub/session/8e419b05-b7a7-47b6-8cf0-6cd72e7554c0/element/00000000-0000-0684-ffff-ffff00000022/location [39m[32m200[39m [90m16 ms - 79[39m
[35m[HTTP][39m [90m[39m
[35m[HTTP][39m [37m-->[39m [37mPOST[39m [37m/wd/hub/session/8e419b05-b7a7-47b6-8cf0-6cd72e7554c0/elements[39m
[35m[HTTP][39m [90m{"using":"xpath","value":"//*[@class = 'android.widget.TextView' and (@text = 'Category' or . = 'Category') and @resource-id = 'com.solodroid.solomerce:id/smallLabel']"}[39m
[35m[HTTP][39m [37m<-- POST /wd/hub/session/8e419b05-b7a7-47b6-8cf0-6cd72e7554c0/elements [39m[32m200[39m [90m97 ms - 139[39m
[35m[HTTP][39m [90m[39m
[35m[HTTP][39m [37m-->[39m [37mGET[39m [37m/wd/hub/session/8e419b05-b7a7-47b6-8cf0-6cd72e7554c0/element/00000000-0000-0684-ffff-ffff00000022/location[39m
[35m[HTTP][39m [90m{}[39m
[35m[W3C (8e419b05)][39m Driver proxy active, passing request on via HTTP proxy
[35m[WD Proxy][39m Replacing sessionId f1a36524-7168-4680-a0c2-ad0cce38b4ee with 8e419b05-b7a7-47b6-8cf0-6cd72e7554c0
[35m[HTTP][39m [37m<-- GET /wd/hub/session/8e419b05-b7a7-47b6-8cf0-6cd72e7554c0/element/00000000-0000-0684-ffff-ffff00000022/location [39m[32m200[39m [90m21 ms - 79[39m
[35m[HTTP][39m [90m[39m
[35m[HTTP][39m [37m-->[39m [37mPOST[39m [37m/wd/hub/session/8e419b05-b7a7-47b6-8cf0-6cd72e7554c0/elements[39m
[35m[HTTP][39m [90m{"using":"xpath","value":"//*[@class = 'android.widget.TextView' and (@text = 'Category' or . = 'Category') and @resource-id = 'com.solodroid.solomerce:id/smallLabel']"}[39m
[35m[HTTP][39m [37m<-- POST /wd/hub/session/8e419b05-b7a7-47b6-8cf0-6cd72e7554c0/elements [39m[32m200[39m [90m118 ms - 139[39m
[35m[HTTP][39m [90m[39m
[35m[HTTP][39m [37m-->[39m [37mGET[39m [37m/wd/hub/session/8e419b05-b7a7-47b6-8cf0-6cd72e7554c0/element/00000000-0000-0684-ffff-ffff00000022/location[39m
[35m[HTTP][39m [90m{}[39m
[35m[W3C (8e419b05)][39m Driver proxy active, passing request on via HTTP proxy
[35m[WD Proxy][39m Replacing sessionId f1a36524-7168-4680-a0c2-ad0cce38b4ee with 8e419b05-b7a7-47b6-8cf0-6cd72e7554c0
[35m[HTTP][39m [37m<-- GET /wd/hub/session/8e419b05-b7a7-47b6-8cf0-6cd72e7554c0/element/00000000-0000-0684-ffff-ffff00000022/location [39m[32m200[39m [90m21 ms - 79[39m
[35m[HTTP][39m [90m[39m
[35m[HTTP][39m [37m-->[39m [37mPOST[39m [37m/wd/hub/session/8e419b05-b7a7-47b6-8cf0-6cd72e7554c0/elements[39m
[35m[HTTP][39m [90m{"using":"xpath","value":"//*[@class = 'android.widget.TextView' and (@text = 'Category' or . = 'Category') and @resource-id = 'com.solodroid.solomerce:id/smallLabel']"}[39m
[35m[HTTP][39m [37m<-- POST /wd/hub/session/8e419b05-b7a7-47b6-8cf0-6cd72e7554c0/elements [39m[32m200[39m [90m134 ms - 139[39m
[35m[HTTP][39m [90m[39m
[35m[HTTP][39m [37m-->[39m [37mGET[39m [37m/wd/hub/session/8e419b05-b7a7-47b6-8cf0-6cd72e7554c0/element/00000000-0000-0684-ffff-ffff00000022/location[39m
[35m[HTTP][39m [90m{}[39m
[35m[W3C (8e419b05)][39m Driver proxy active, passing request on via HTTP proxy
[35m[WD Proxy][39m Replacing sessionId f1a36524-7168-4680-a0c2-ad0cce38b4ee with 8e419b05-b7a7-47b6-8cf0-6cd72e7554c0
[35m[HTTP][39m [37m<-- GET /wd/hub/session/8e419b05-b7a7-47b6-8cf0-6cd72e7554c0/element/00000000-0000-0684-ffff-ffff00000022/location [39m[32m200[39m [90m21 ms - 79[39m
[35m[HTTP][39m [90m[39m
[35m[HTTP][39m [37m-->[39m [37mPOST[39m [37m/wd/hub/session/8e419b05-b7a7-47b6-8cf0-6cd72e7554c0/elements[39m
[35m[HTTP][39m [90m{"using":"xpath","value":"//*[@class = 'android.widget.TextView' and (@text = 'Category' or . = 'Category') and @resource-id = 'com.solodroid.solomerce:id/smallLabel']"}[39m
[35m[HTTP][39m [37m<-- POST /wd/hub/session/8e419b05-b7a7-47b6-8cf0-6cd72e7554c0/elements [39m[32m200[39m [90m107 ms - 139[39m
[35m[HTTP][39m [90m[39m
[35m[HTTP][39m [37m-->[39m [37mGET[39m [37m/wd/hub/session/8e419b05-b7a7-47b6-8cf0-6cd72e7554c0/element/00000000-0000-0684-ffff-ffff00000022/location[39m
[35m[HTTP][39m [90m{}[39m
[35m[W3C (8e419b05)][39m Driver proxy active, passing request on via HTTP proxy
[35m[WD Proxy][39m Replacing sessionId f1a36524-7168-4680-a0c2-ad0cce38b4ee with 8e419b05-b7a7-47b6-8cf0-6cd72e7554c0
[35m[HTTP][39m [37m<-- GET /wd/hub/session/8e419b05-b7a7-47b6-8cf0-6cd72e7554c0/element/00000000-0000-0684-ffff-ffff00000022/location [39m[32m200[39m [90m20 ms - 79[39m
[35m[HTTP][39m [90m[39m
[35m[HTTP][39m [37m-->[39m [37mPOST[39m [37m/wd/hub/session/8e419b05-b7a7-47b6-8cf0-6cd72e7554c0/elements[39m
[35m[HTTP][39m [90m{"using":"xpath","value":"//*[@class = 'android.widget.TextView' and (@text = 'Category' or . = 'Category') and @resource-id = 'com.solodroid.solomerce:id/smallLabel']"}[39m
[35m[HTTP][39m [37m<-- POST /wd/hub/session/8e419b05-b7a7-47b6-8cf0-6cd72e7554c0/elements [39m[32m200[39m [90m117 ms - 139[39m
[35m[HTTP][39m [90m[39m
[35m[HTTP][39m [37m-->[39m [37mGET[39m [37m/wd/hub/session/8e419b05-b7a7-47b6-8cf0-6cd72e7554c0/element/00000000-0000-0684-ffff-ffff00000022/location[39m
[35m[HTTP][39m [90m{}[39m
[35m[W3C (8e419b05)][39m Driver proxy active, passing request on via HTTP proxy
[35m[WD Proxy][39m Replacing sessionId f1a36524-7168-4680-a0c2-ad0cce38b4ee with 8e419b05-b7a7-47b6-8cf0-6cd72e7554c0
[35m[HTTP][39m [37m<-- GET /wd/hub/session/8e419b05-b7a7-47b6-8cf0-6cd72e7554c0/element/00000000-0000-0684-ffff-ffff00000022/location [39m[32m200[39m [90m17 ms - 79[39m
[35m[HTTP][39m [90m[39m
[35m[HTTP][39m [37m-->[39m [37mPOST[39m [37m/wd/hub/session/8e419b05-b7a7-47b6-8cf0-6cd72e7554c0/elements[39m
[35m[HTTP][39m [90m{"using":"xpath","value":"//*[@class = 'android.widget.TextView' and (@text = 'Category' or . = 'Category') and @resource-id = 'com.solodroid.solomerce:id/smallLabel']"}[39m
[35m[HTTP][39m [37m<-- POST /wd/hub/session/8e419b05-b7a7-47b6-8cf0-6cd72e7554c0/elements [39m[32m200[39m [90m133 ms - 139[39m
[35m[HTTP][39m [90m[39m
[35m[HTTP][39m [37m-->[39m [37mGET[39m [37m/wd/hub/session/8e419b05-b7a7-47b6-8cf0-6cd72e7554c0/element/00000000-0000-0684-ffff-ffff00000022/location[39m
[35m[HTTP][39m [90m{}[39m
[35m[W3C (8e419b05)][39m Driver proxy active, passing request on via HTTP proxy
[35m[WD Proxy][39m Replacing sessionId f1a36524-7168-4680-a0c2-ad0cce38b4ee with 8e419b05-b7a7-47b6-8cf0-6cd72e7554c0
[35m[HTTP][39m [37m<-- GET /wd/hub/session/8e419b05-b7a7-47b6-8cf0-6cd72e7554c0/element/00000000-0000-0684-ffff-ffff00000022/location [39m[32m200[39m [90m16 ms - 79[39m
[35m[HTTP][39m [90m[39m
[35m[HTTP][39m [37m-->[39m [37mPOST[39m [37m/wd/hub/session/8e419b05-b7a7-47b6-8cf0-6cd72e7554c0/elements[39m
[35m[HTTP][39m [90m{"using":"xpath","value":"//*[@class = 'android.widget.TextView' and (@text = 'Category' or . = 'Category') and @resource-id = 'com.solodroid.solomerce:id/smallLabel']"}[39m
[35m[HTTP][39m [37m<-- POST /wd/hub/session/8e419b05-b7a7-47b6-8cf0-6cd72e7554c0/elements [39m[32m200[39m [90m112 ms - 139[39m
[35m[HTTP][39m [90m[39m
[35m[HTTP][39m [37m-->[39m [37mGET[39m [37m/wd/hub/session/8e419b05-b7a7-47b6-8cf0-6cd72e7554c0/element/00000000-0000-0684-ffff-ffff00000022/location[39m
[35m[HTTP][39m [90m{}[39m
[35m[W3C (8e419b05)][39m Driver proxy active, passing request on via HTTP proxy
[35m[WD Proxy][39m Replacing sessionId f1a36524-7168-4680-a0c2-ad0cce38b4ee with 8e419b05-b7a7-47b6-8cf0-6cd72e7554c0
[35m[HTTP][39m [37m<-- GET /wd/hub/session/8e419b05-b7a7-47b6-8cf0-6cd72e7554c0/element/00000000-0000-0684-ffff-ffff00000022/location [39m[32m200[39m [90m19 ms - 79[39m
[35m[HTTP][39m [90m[39m
[35m[HTTP][39m [37m-->[39m [37mPOST[39m [37m/wd/hub/session/8e419b05-b7a7-47b6-8cf0-6cd72e7554c0/elements[39m
[35m[HTTP][39m [90m{"using":"xpath","value":"//*[@class = 'android.widget.TextView' and (@text = 'Category' or . = 'Category') and @resource-id = 'com.solodroid.solomerce:id/smallLabel']"}[39m
[35m[HTTP][39m [37m<-- POST /wd/hub/session/8e419b05-b7a7-47b6-8cf0-6cd72e7554c0/elements [39m[32m200[39m [90m132 ms - 139[39m
[35m[HTTP][39m [90m[39m
[35m[HTTP][39m [37m-->[39m [37mGET[39m [37m/wd/hub/session/8e419b05-b7a7-47b6-8cf0-6cd72e7554c0/element/00000000-0000-0684-ffff-ffff00000022/location[39m
[35m[HTTP][39m [90m{}[39m
[35m[W3C (8e419b05)][39m Driver proxy active, passing request on via HTTP proxy
[35m[WD Proxy][39m Replacing sessionId f1a36524-7168-4680-a0c2-ad0cce38b4ee with 8e419b05-b7a7-47b6-8cf0-6cd72e7554c0
[35m[HTTP][39m [37m<-- GET /wd/hub/session/8e419b05-b7a7-47b6-8cf0-6cd72e7554c0/element/00000000-0000-0684-ffff-ffff00000022/location [39m[32m200[39m [90m20 ms - 79[39m
[35m[HTTP][39m [90m[39m
[35m[HTTP][39m [37m-->[39m [37mPOST[39m [37m/wd/hub/session/8e419b05-b7a7-47b6-8cf0-6cd72e7554c0/elements[39m
[35m[HTTP][39m [90m{"using":"xpath","value":"//*[@class = 'android.widget.TextView' and (@text = 'Category' or . = 'Category') and @resource-id = 'com.solodroid.solomerce:id/smallLabel']"}[39m
[35m[HTTP][39m [37m<-- POST /wd/hub/session/8e419b05-b7a7-47b6-8cf0-6cd72e7554c0/elements [39m[32m200[39m [90m159 ms - 139[39m
[35m[HTTP][39m [90m[39m
[35m[HTTP][39m [37m-->[39m [37mGET[39m [37m/wd/hub/session/8e419b05-b7a7-47b6-8cf0-6cd72e7554c0/element/00000000-0000-0684-ffff-ffff00000022/location[39m
[35m[HTTP][39m [90m{}[39m
[35m[W3C (8e419b05)][39m Driver proxy active, passing request on via HTTP proxy
[35m[WD Proxy][39m Replacing sessionId f1a36524-7168-4680-a0c2-ad0cce38b4ee with 8e419b05-b7a7-47b6-8cf0-6cd72e7554c0
[35m[HTTP][39m [37m<-- GET /wd/hub/session/8e419b05-b7a7-47b6-8cf0-6cd72e7554c0/element/00000000-0000-0684-ffff-ffff00000022/location [39m[32m200[39m [90m23 ms - 79[39m
[35m[HTTP][39m [90m[39m
[35m[HTTP][39m [37m-->[39m [37mPOST[39m [37m/wd/hub/session/8e419b05-b7a7-47b6-8cf0-6cd72e7554c0/elements[39m
[35m[HTTP][39m [90m{"using":"xpath","value":"//*[@class = 'android.widget.TextView' and (@text = 'Category' or . = 'Category') and @resource-id = 'com.solodroid.solomerce:id/smallLabel']"}[39m
[35m[HTTP][39m [37m<-- POST /wd/hub/session/8e419b05-b7a7-47b6-8cf0-6cd72e7554c0/elements [39m[32m200[39m [90m202 ms - 139[39m
[35m[HTTP][39m [90m[39m
[35m[HTTP][39m [37m-->[39m [37mGET[39m [37m/wd/hub/session/8e419b05-b7a7-47b6-8cf0-6cd72e7554c0/element/00000000-0000-0684-ffff-ffff00000022/location[39m
[35m[HTTP][39m [90m{}[39m
[35m[W3C (8e419b05)][39m Driver proxy active, passing request on via HTTP proxy
[35m[WD Proxy][39m Replacing sessionId f1a36524-7168-4680-a0c2-ad0cce38b4ee with 8e419b05-b7a7-47b6-8cf0-6cd72e7554c0
[35m[HTTP][39m [37m<-- GET /wd/hub/session/8e419b05-b7a7-47b6-8cf0-6cd72e7554c0/element/00000000-0000-0684-ffff-ffff00000022/location [39m[32m200[39m [90m27 ms - 79[39m
[35m[HTTP][39m [90m[39m
[35m[HTTP][39m [37m-->[39m [37mPOST[39m [37m/wd/hub/session/8e419b05-b7a7-47b6-8cf0-6cd72e7554c0/elements[39m
[35m[HTTP][39m [90m{"using":"xpath","value":"//*[@class = 'android.widget.TextView' and (@text = 'Category' or . = 'Category') and @resource-id = 'com.solodroid.solomerce:id/smallLabel']"}[39m
[35m[HTTP][39m [37m<-- POST /wd/hub/session/8e419b05-b7a7-47b6-8cf0-6cd72e7554c0/elements [39m[32m200[39m [90m198 ms - 139[39m
[35m[HTTP][39m [90m[39m
[35m[HTTP][39m [37m-->[39m [37mGET[39m [37m/wd/hub/session/8e419b05-b7a7-47b6-8cf0-6cd72e7554c0/element/00000000-0000-0684-ffff-ffff00000022/location[39m
[35m[HTTP][39m [90m{}[39m
[35m[W3C (8e419b05)][39m Driver proxy active, passing request on via HTTP proxy
[35m[WD Proxy][39m Replacing sessionId f1a36524-7168-4680-a0c2-ad0cce38b4ee with 8e419b05-b7a7-47b6-8cf0-6cd72e7554c0
[35m[HTTP][39m [37m<-- GET /wd/hub/session/8e419b05-b7a7-47b6-8cf0-6cd72e7554c0/element/00000000-0000-0684-ffff-ffff00000022/location [39m[32m200[39m [90m26 ms - 79[39m
[35m[HTTP][39m [90m[39m
[35m[HTTP][39m [37m-->[39m [37mPOST[39m [37m/wd/hub/session/8e419b05-b7a7-47b6-8cf0-6cd72e7554c0/elements[39m
[35m[HTTP][39m [90m{"using":"xpath","value":"//*[@class = 'android.widget.TextView' and (@text = 'Category' or . = 'Category') and @resource-id = 'com.solodroid.solomerce:id/smallLabel']"}[39m
[35m[HTTP][39m [37m<-- POST /wd/hub/session/8e419b05-b7a7-47b6-8cf0-6cd72e7554c0/elements [39m[32m200[39m [90m168 ms - 139[39m
[35m[HTTP][39m [90m[39m
[35m[HTTP][39m [37m-->[39m [37mGET[39m [37m/wd/hub/session/8e419b05-b7a7-47b6-8cf0-6cd72e7554c0/element/00000000-0000-0684-ffff-ffff00000022/location[39m
[35m[HTTP][39m [90m{}[39m
[35m[W3C (8e419b05)][39m Driver proxy active, passing request on via HTTP proxy
[35m[WD Proxy][39m Replacing sessionId f1a36524-7168-4680-a0c2-ad0cce38b4ee with 8e419b05-b7a7-47b6-8cf0-6cd72e7554c0
[35m[HTTP][39m [37m<-- GET /wd/hub/session/8e419b05-b7a7-47b6-8cf0-6cd72e7554c0/element/00000000-0000-0684-ffff-ffff00000022/location [39m[32m200[39m [90m22 ms - 79[39m
[35m[HTTP][39m [90m[39m
[35m[HTTP][39m [37m-->[39m [37mPOST[39m [37m/wd/hub/session/8e419b05-b7a7-47b6-8cf0-6cd72e7554c0/elements[39m
[35m[HTTP][39m [90m{"using":"xpath","value":"//*[@class = 'android.widget.TextView' and (@text = 'Category' or . = 'Category') and @resource-id = 'com.solodroid.solomerce:id/smallLabel']"}[39m
[35m[HTTP][39m [37m<-- POST /wd/hub/session/8e419b05-b7a7-47b6-8cf0-6cd72e7554c0/elements [39m[32m200[39m [90m141 ms - 139[39m
[35m[HTTP][39m [90m[39m
[35m[HTTP][39m [37m-->[39m [37mGET[39m [37m/wd/hub/session/8e419b05-b7a7-47b6-8cf0-6cd72e7554c0/element/00000000-0000-0684-ffff-ffff00000022/location[39m
[35m[HTTP][39m [90m{}[39m
[35m[W3C (8e419b05)][39m Driver proxy active, passing request on via HTTP proxy
[35m[WD Proxy][39m Replacing sessionId f1a36524-7168-4680-a0c2-ad0cce38b4ee with 8e419b05-b7a7-47b6-8cf0-6cd72e7554c0
[35m[HTTP][39m [37m<-- GET /wd/hub/session/8e419b05-b7a7-47b6-8cf0-6cd72e7554c0/element/00000000-0000-0684-ffff-ffff00000022/location [39m[32m200[39m [90m23 ms - 79[39m
[35m[HTTP][39m [90m[39m
[35m[HTTP][39m [37m-->[39m [37mPOST[39m [37m/wd/hub/session/8e419b05-b7a7-47b6-8cf0-6cd72e7554c0/elements[39m
[35m[HTTP][39m [90m{"using":"xpath","value":"//*[@class = 'android.widget.TextView' and (@text = 'Category' or . = 'Category') and @resource-id = 'com.solodroid.solomerce:id/smallLabel']"}[39m
[35m[HTTP][39m [37m<-- POST /wd/hub/session/8e419b05-b7a7-47b6-8cf0-6cd72e7554c0/elements [39m[32m200[39m [90m149 ms - 139[39m
[35m[HTTP][39m [90m[39m
[35m[HTTP][39m [37m-->[39m [37mGET[39m [37m/wd/hub/session/8e419b05-b7a7-47b6-8cf0-6cd72e7554c0/element/00000000-0000-0684-ffff-ffff00000022/location[39m
[35m[HTTP][39m [90m{}[39m
[35m[W3C (8e419b05)][39m Driver proxy active, passing request on via HTTP proxy
[35m[WD Proxy][39m Replacing sessionId f1a36524-7168-4680-a0c2-ad0cce38b4ee with 8e419b05-b7a7-47b6-8cf0-6cd72e7554c0
[35m[HTTP][39m [37m<-- GET /wd/hub/session/8e419b05-b7a7-47b6-8cf0-6cd72e7554c0/element/00000000-0000-0684-ffff-ffff00000022/location [39m[32m200[39m [90m23 ms - 79[39m
[35m[HTTP][39m [90m[39m
[35m[HTTP][39m [37m-->[39m [37mPOST[39m [37m/wd/hub/session/8e419b05-b7a7-47b6-8cf0-6cd72e7554c0/elements[39m
[35m[HTTP][39m [90m{"using":"xpath","value":"//*[@class = 'android.widget.TextView' and (@text = 'Category' or . = 'Category') and @resource-id = 'com.solodroid.solomerce:id/smallLabel']"}[39m
[35m[HTTP][39m [37m<-- POST /wd/hub/session/8e419b05-b7a7-47b6-8cf0-6cd72e7554c0/elements [39m[32m200[39m [90m132 ms - 139[39m
[35m[HTTP][39m [90m[39m
[35m[HTTP][39m [37m-->[39m [37mGET[39m [37m/wd/hub/session/8e419b05-b7a7-47b6-8cf0-6cd72e7554c0/element/00000000-0000-0684-ffff-ffff00000022/location[39m
[35m[HTTP][39m [90m{}[39m
[35m[W3C (8e419b05)][39m Driver proxy active, passing request on via HTTP proxy
[35m[WD Proxy][39m Replacing sessionId f1a36524-7168-4680-a0c2-ad0cce38b4ee with 8e419b05-b7a7-47b6-8cf0-6cd72e7554c0
[35m[HTTP][39m [37m<-- GET /wd/hub/session/8e419b05-b7a7-47b6-8cf0-6cd72e7554c0/element/00000000-0000-0684-ffff-ffff00000022/location [39m[32m200[39m [90m23 ms - 79[39m
[35m[HTTP][39m [90m[39m
[35m[HTTP][39m [37m-->[39m [37mPOST[39m [37m/wd/hub/session/8e419b05-b7a7-47b6-8cf0-6cd72e7554c0/elements[39m
[35m[HTTP][39m [90m{"using":"xpath","value":"//*[@class = 'android.widget.TextView' and (@text = 'Category' or . = 'Category') and @resource-id = 'com.solodroid.solomerce:id/smallLabel']"}[39m
[35m[HTTP][39m [37m<-- POST /wd/hub/session/8e419b05-b7a7-47b6-8cf0-6cd72e7554c0/elements [39m[32m200[39m [90m134 ms - 139[39m
[35m[HTTP][39m [90m[39m
[35m[HTTP][39m [37m-->[39m [37mGET[39m [37m/wd/hub/session/8e419b05-b7a7-47b6-8cf0-6cd72e7554c0/element/00000000-0000-0684-ffff-ffff00000022/location[39m
[35m[HTTP][39m [90m{}[39m
[35m[W3C (8e419b05)][39m Driver proxy active, passing request on via HTTP proxy
[35m[WD Proxy][39m Replacing sessionId f1a36524-7168-4680-a0c2-ad0cce38b4ee with 8e419b05-b7a7-47b6-8cf0-6cd72e7554c0
[35m[HTTP][39m [37m<-- GET /wd/hub/session/8e419b05-b7a7-47b6-8cf0-6cd72e7554c0/element/00000000-0000-0684-ffff-ffff00000022/location [39m[32m200[39m [90m27 ms - 79[39m
[35m[HTTP][39m [90m[39m
[35m[HTTP][39m [37m-->[39m [37mPOST[39m [37m/wd/hub/session/8e419b05-b7a7-47b6-8cf0-6cd72e7554c0/elements[39m
[35m[HTTP][39m [90m{"using":"xpath","value":"//*[@class = 'android.widget.TextView' and (@text = 'Category' or . = 'Category') and @resource-id = 'com.solodroid.solomerce:id/smallLabel']"}[39m
[35m[HTTP][39m [37m<-- POST /wd/hub/session/8e419b05-b7a7-47b6-8cf0-6cd72e7554c0/elements [39m[32m200[39m [90m148 ms - 139[39m
[35m[HTTP][39m [90m[39m
[35m[HTTP][39m [37m-->[39m [37mGET[39m [37m/wd/hub/session/8e419b05-b7a7-47b6-8cf0-6cd72e7554c0/element/00000000-0000-0684-ffff-ffff00000022/location[39m
[35m[HTTP][39m [90m{}[39m
[35m[W3C (8e419b05)][39m Driver proxy active, passing request on via HTTP proxy
[35m[WD Proxy][39m Replacing sessionId f1a36524-7168-4680-a0c2-ad0cce38b4ee with 8e419b05-b7a7-47b6-8cf0-6cd72e7554c0
[35m[HTTP][39m [37m<-- GET /wd/hub/session/8e419b05-b7a7-47b6-8cf0-6cd72e7554c0/element/00000000-0000-0684-ffff-ffff00000022/location [39m[32m200[39m [90m25 ms - 79[39m
[35m[HTTP][39m [90m[39m
[35m[HTTP][39m [37m-->[39m [37mPOST[39m [37m/wd/hub/session/8e419b05-b7a7-47b6-8cf0-6cd72e7554c0/elements[39m
[35m[HTTP][39m [90m{"using":"xpath","value":"//*[@class = 'android.widget.TextView' and (@text = 'Category' or . = 'Category') and @resource-id = 'com.solodroid.solomerce:id/smallLabel']"}[39m
[35m[HTTP][39m [37m<-- POST /wd/hub/session/8e419b05-b7a7-47b6-8cf0-6cd72e7554c0/elements [39m[32m200[39m [90m161 ms - 139[39m
[35m[HTTP][39m [90m[39m
[35m[HTTP][39m [37m-->[39m [37mGET[39m [37m/wd/hub/session/8e419b05-b7a7-47b6-8cf0-6cd72e7554c0/element/00000000-0000-0684-ffff-ffff00000022/location[39m
[35m[HTTP][39m [90m{}[39m
[35m[W3C (8e419b05)][39m Driver proxy active, passing request on via HTTP proxy
[35m[WD Proxy][39m Replacing sessionId f1a36524-7168-4680-a0c2-ad0cce38b4ee with 8e419b05-b7a7-47b6-8cf0-6cd72e7554c0
[35m[HTTP][39m [37m<-- GET /wd/hub/session/8e419b05-b7a7-47b6-8cf0-6cd72e7554c0/element/00000000-0000-0684-ffff-ffff00000022/location [39m[32m200[39m [90m23 ms - 79[39m
[35m[HTTP][39m [90m[39m
[35m[HTTP][39m [37m-->[39m [37mPOST[39m [37m/wd/hub/session/8e419b05-b7a7-47b6-8cf0-6cd72e7554c0/elements[39m
[35m[HTTP][39m [90m{"using":"xpath","value":"//*[@class = 'android.widget.TextView' and (@text = 'Category' or . = 'Category') and @resource-id = 'com.solodroid.solomerce:id/smallLabel']"}[39m
[35m[HTTP][39m [37m<-- POST /wd/hub/session/8e419b05-b7a7-47b6-8cf0-6cd72e7554c0/elements [39m[32m200[39m [90m194 ms - 139[39m
[35m[HTTP][39m [90m[39m
[35m[HTTP][39m [37m-->[39m [37mGET[39m [37m/wd/hub/session/8e419b05-b7a7-47b6-8cf0-6cd72e7554c0/element/00000000-0000-0684-ffff-ffff00000022/location[39m
[35m[HTTP][39m [90m{}[39m
[35m[W3C (8e419b05)][39m Driver proxy active, passing request on via HTTP proxy
[35m[WD Proxy][39m Replacing sessionId f1a36524-7168-4680-a0c2-ad0cce38b4ee with 8e419b05-b7a7-47b6-8cf0-6cd72e7554c0
[35m[HTTP][39m [37m<-- GET /wd/hub/session/8e419b05-b7a7-47b6-8cf0-6cd72e7554c0/element/00000000-0000-0684-ffff-ffff00000022/location [39m[32m200[39m [90m21 ms - 79[39m
[35m[HTTP][39m [90m[39m
[35m[HTTP][39m [37m-->[39m [37mPOST[39m [37m/wd/hub/session/8e419b05-b7a7-47b6-8cf0-6cd72e7554c0/elements[39m
[35m[HTTP][39m [90m{"using":"xpath","value":"//*[@class = 'android.widget.TextView' and (@text = 'Category' or . = 'Category') and @resource-id = 'com.solodroid.solomerce:id/smallLabel']"}[39m
[35m[HTTP][39m [37m<-- POST /wd/hub/session/8e419b05-b7a7-47b6-8cf0-6cd72e7554c0/elements [39m[32m200[39m [90m218 ms - 139[39m
[35m[HTTP][39m [90m[39m
[35m[HTTP][39m [37m-->[39m [37mGET[39m [37m/wd/hub/session/8e419b05-b7a7-47b6-8cf0-6cd72e7554c0/element/00000000-0000-0684-ffff-ffff00000022/location[39m
[35m[HTTP][39m [90m{}[39m
[35m[W3C (8e419b05)][39m Driver proxy active, passing request on via HTTP proxy
[35m[WD Proxy][39m Replacing sessionId f1a36524-7168-4680-a0c2-ad0cce38b4ee with 8e419b05-b7a7-47b6-8cf0-6cd72e7554c0
[35m[HTTP][39m [37m<-- GET /wd/hub/session/8e419b05-b7a7-47b6-8cf0-6cd72e7554c0/element/00000000-0000-0684-ffff-ffff00000022/location [39m[32m200[39m [90m25 ms - 79[39m
[35m[HTTP][39m [90m[39m
[35m[HTTP][39m [37m-->[39m [37mPOST[39m [37m/wd/hub/session/8e419b05-b7a7-47b6-8cf0-6cd72e7554c0/elements[39m
[35m[HTTP][39m [90m{"using":"xpath","value":"//*[@class = 'android.widget.TextView' and (@text = 'Category' or . = 'Category') and @resource-id = 'com.solodroid.solomerce:id/smallLabel']"}[39m
[35m[HTTP][39m [37m<-- POST /wd/hub/session/8e419b05-b7a7-47b6-8cf0-6cd72e7554c0/elements [39m[32m200[39m [90m195 ms - 139[39m
[35m[HTTP][39m [90m[39m
[35m[HTTP][39m [37m-->[39m [37mGET[39m [37m/wd/hub/session/8e419b05-b7a7-47b6-8cf0-6cd72e7554c0/element/00000000-0000-0684-ffff-ffff00000022/location[39m
[35m[HTTP][39m [90m{}[39m
[35m[W3C (8e419b05)][39m Driver proxy active, passing request on via HTTP proxy
[35m[WD Proxy][39m Replacing sessionId f1a36524-7168-4680-a0c2-ad0cce38b4ee with 8e419b05-b7a7-47b6-8cf0-6cd72e7554c0
[35m[HTTP][39m [37m<-- GET /wd/hub/session/8e419b05-b7a7-47b6-8cf0-6cd72e7554c0/element/00000000-0000-0684-ffff-ffff00000022/location [39m[32m200[39m [90m599 ms - 79[39m
[35m[HTTP][39m [90m[39m
[35m[HTTP][39m [37m-->[39m [37mPOST[39m [37m/wd/hub/session/8e419b05-b7a7-47b6-8cf0-6cd72e7554c0/elements[39m
[35m[HTTP][39m [90m{"using":"xpath","value":"//*[@class = 'android.widget.TextView' and (@text = 'Category' or . = 'Category') and @resource-id = 'com.solodroid.solomerce:id/smallLabel']"}[39m
[35m[HTTP][39m [37m<-- POST /wd/hub/session/8e419b05-b7a7-47b6-8cf0-6cd72e7554c0/elements [39m[32m200[39m [90m277 ms - 139[39m
[35m[HTTP][39m [90m[39m
[35m[HTTP][39m [37m-->[39m [37mGET[39m [37m/wd/hub/session/8e419b05-b7a7-47b6-8cf0-6cd72e7554c0/element/00000000-0000-0684-ffff-ffff00000022/location[39m
[35m[HTTP][39m [90m{}[39m
[35m[W3C (8e419b05)][39m Driver proxy active, passing request on via HTTP proxy
[35m[WD Proxy][39m Replacing sessionId f1a36524-7168-4680-a0c2-ad0cce38b4ee with 8e419b05-b7a7-47b6-8cf0-6cd72e7554c0
[35m[HTTP][39m [37m<-- GET /wd/hub/session/8e419b05-b7a7-47b6-8cf0-6cd72e7554c0/element/00000000-0000-0684-ffff-ffff00000022/location [39m[32m200[39m [90m27 ms - 79[39m
[35m[HTTP][39m [90m[39m
[35m[HTTP][39m [37m-->[39m [37mPOST[39m [37m/wd/hub/session/8e419b05-b7a7-47b6-8cf0-6cd72e7554c0/elements[39m
[35m[HTTP][39m [90m{"using":"xpath","value":"//*[@class = 'android.widget.TextView' and (@text = 'Category' or . = 'Category') and @resource-id = 'com.solodroid.solomerce:id/smallLabel']"}[39m
[35m[HTTP][39m [37m<-- POST /wd/hub/session/8e419b05-b7a7-47b6-8cf0-6cd72e7554c0/elements [39m[32m200[39m [90m212 ms - 139[39m
[35m[HTTP][39m [90m[39m
[35m[HTTP][39m [37m-->[39m [37mGET[39m [37m/wd/hub/session/8e419b05-b7a7-47b6-8cf0-6cd72e7554c0/element/00000000-0000-0684-ffff-ffff00000022/location[39m
[35m[HTTP][39m [90m{}[39m
[35m[W3C (8e419b05)][39m Driver proxy active, passing request on via HTTP proxy
[35m[WD Proxy][39m Replacing sessionId f1a36524-7168-4680-a0c2-ad0cce38b4ee with 8e419b05-b7a7-47b6-8cf0-6cd72e7554c0
[35m[HTTP][39m [37m<-- GET /wd/hub/session/8e419b05-b7a7-47b6-8cf0-6cd72e7554c0/element/00000000-0000-0684-ffff-ffff00000022/location [39m[32m200[39m [90m28 ms - 79[39m
[35m[HTTP][39m [90m[39m
[35m[HTTP][39m [37m-->[39m [37mPOST[39m [37m/wd/hub/session/8e419b05-b7a7-47b6-8cf0-6cd72e7554c0/elements[39m
[35m[HTTP][39m [90m{"using":"xpath","value":"//*[@class = 'android.widget.TextView' and (@text = 'Category' or . = 'Category') and @resource-id = 'com.solodroid.solomerce:id/smallLabel']"}[39m
[35m[HTTP][39m [37m<-- POST /wd/hub/session/8e419b05-b7a7-47b6-8cf0-6cd72e7554c0/elements [39m[32m200[39m [90m177 ms - 139[39m
[35m[HTTP][39m [90m[39m
[35m[HTTP][39m [37m-->[39m [37mGET[39m [37m/wd/hub/session/8e419b05-b7a7-47b6-8cf0-6cd72e7554c0/element/00000000-0000-0684-ffff-ffff00000022/location[39m
[35m[HTTP][39m [90m{}[39m
[35m[W3C (8e419b05)][39m Driver proxy active, passing request on via HTTP proxy
[35m[WD Proxy][39m Replacing sessionId f1a36524-7168-4680-a0c2-ad0cce38b4ee with 8e419b05-b7a7-47b6-8cf0-6cd72e7554c0
[35m[HTTP][39m [37m<-- GET /wd/hub/session/8e419b05-b7a7-47b6-8cf0-6cd72e7554c0/element/00000000-0000-0684-ffff-ffff00000022/location [39m[32m200[39m [90m22 ms - 79[39m
[35m[HTTP][39m [90m[39m
[35m[HTTP][39m [37m-->[39m [37mPOST[39m [37m/wd/hub/session/8e419b05-b7a7-47b6-8cf0-6cd72e7554c0/elements[39m
[35m[HTTP][39m [90m{"using":"xpath","value":"//*[@class = 'android.widget.TextView' and (@text = 'Category' or . = 'Category') and @resource-id = 'com.solodroid.solomerce:id/smallLabel']"}[39m
[35m[HTTP][39m [37m<-- POST /wd/hub/session/8e419b05-b7a7-47b6-8cf0-6cd72e7554c0/elements [39m[32m200[39m [90m206 ms - 139[39m
[35m[HTTP][39m [90m[39m
[35m[HTTP][39m [37m-->[39m [37mGET[39m [37m/wd/hub/session/8e419b05-b7a7-47b6-8cf0-6cd72e7554c0/element/00000000-0000-0684-ffff-ffff00000022/location[39m
[35m[HTTP][39m [90m{}[39m
[35m[W3C (8e419b05)][39m Driver proxy active, passing request on via HTTP proxy
[35m[WD Proxy][39m Replacing sessionId f1a36524-7168-4680-a0c2-ad0cce38b4ee with 8e419b05-b7a7-47b6-8cf0-6cd72e7554c0
[35m[HTTP][39m [37m<-- GET /wd/hub/session/8e419b05-b7a7-47b6-8cf0-6cd72e7554c0/element/00000000-0000-0684-ffff-ffff00000022/location [39m[32m200[39m [90m26 ms - 79[39m
[35m[HTTP][39m [90m[39m
[35m[HTTP][39m [37m-->[39m [37mPOST[39m [37m/wd/hub/session/8e419b05-b7a7-47b6-8cf0-6cd72e7554c0/elements[39m
[35m[HTTP][39m [90m{"using":"xpath","value":"//*[@class = 'android.widget.TextView' and (@text = 'Category' or . = 'Category') and @resource-id = 'com.solodroid.solomerce:id/smallLabel']"}[39m
[35m[HTTP][39m [37m<-- POST /wd/hub/session/8e419b05-b7a7-47b6-8cf0-6cd72e7554c0/elements [39m[32m200[39m [90m197 ms - 139[39m
[35m[HTTP][39m [90m[39m
[35m[HTTP][39m [37m-->[39m [37mGET[39m [37m/wd/hub/session/8e419b05-b7a7-47b6-8cf0-6cd72e7554c0/element/00000000-0000-0684-ffff-ffff00000022/location[39m
[35m[HTTP][39m [90m{}[39m
[35m[W3C (8e419b05)][39m Driver proxy active, passing request on via HTTP proxy
[35m[WD Proxy][39m Replacing sessionId f1a36524-7168-4680-a0c2-ad0cce38b4ee with 8e419b05-b7a7-47b6-8cf0-6cd72e7554c0
[35m[HTTP][39m [37m<-- GET /wd/hub/session/8e419b05-b7a7-47b6-8cf0-6cd72e7554c0/element/00000000-0000-0684-ffff-ffff00000022/location [39m[32m200[39m [90m21 ms - 79[39m
[35m[HTTP][39m [90m[39m
[35m[HTTP][39m [37m-->[39m [37mPOST[39m [37m/wd/hub/session/8e419b05-b7a7-47b6-8cf0-6cd72e7554c0/elements[39m
[35m[HTTP][39m [90m{"using":"xpath","value":"//*[@class = 'android.widget.TextView' and (@text = 'Category' or . = 'Category') and @resource-id = 'com.solodroid.solomerce:id/smallLabel']"}[39m
[35m[HTTP][39m [37m<-- POST /wd/hub/session/8e419b05-b7a7-47b6-8cf0-6cd72e7554c0/elements [39m[32m200[39m [90m196 ms - 139[39m
[35m[HTTP][39m [90m[39m
[35m[HTTP][39m [37m-->[39m [37mGET[39m [37m/wd/hub/session/8e419b05-b7a7-47b6-8cf0-6cd72e7554c0/element/00000000-0000-0684-ffff-ffff00000022/location[39m
[35m[HTTP][39m [90m{}[39m
[35m[W3C (8e419b05)][39m Driver proxy active, passing request on via HTTP proxy
[35m[WD Proxy][39m Replacing sessionId f1a36524-7168-4680-a0c2-ad0cce38b4ee with 8e419b05-b7a7-47b6-8cf0-6cd72e7554c0
[35m[HTTP][39m [37m<-- GET /wd/hub/session/8e419b05-b7a7-47b6-8cf0-6cd72e7554c0/element/00000000-0000-0684-ffff-ffff00000022/location [39m[32m200[39m [90m22 ms - 79[39m
[35m[HTTP][39m [90m[39m
[35m[HTTP][39m [37m-->[39m [37mPOST[39m [37m/wd/hub/session/8e419b05-b7a7-47b6-8cf0-6cd72e7554c0/elements[39m
[35m[HTTP][39m [90m{"using":"xpath","value":"//*[@class = 'android.widget.TextView' and (@text = 'Category' or . = 'Category') and @resource-id = 'com.solodroid.solomerce:id/smallLabel']"}[39m
[35m[HTTP][39m [37m<-- POST /wd/hub/session/8e419b05-b7a7-47b6-8cf0-6cd72e7554c0/elements [39m[32m200[39m [90m188 ms - 139[39m
[35m[HTTP][39m [90m[39m
[35m[HTTP][39m [37m-->[39m [37mGET[39m [37m/wd/hub/session/8e419b05-b7a7-47b6-8cf0-6cd72e7554c0/element/00000000-0000-0684-ffff-ffff00000022/location[39m
[35m[HTTP][39m [90m{}[39m
[35m[W3C (8e419b05)][39m Driver proxy active, passing request on via HTTP proxy
[35m[WD Proxy][39m Replacing sessionId f1a36524-7168-4680-a0c2-ad0cce38b4ee with 8e419b05-b7a7-47b6-8cf0-6cd72e7554c0
[35m[HTTP][39m [37m<-- GET /wd/hub/session/8e419b05-b7a7-47b6-8cf0-6cd72e7554c0/element/00000000-0000-0684-ffff-ffff00000022/location [39m[32m200[39m [90m22 ms - 79[39m
[35m[HTTP][39m [90m[39m
[35m[HTTP][39m [37m-->[39m [37mPOST[39m [37m/wd/hub/session/8e419b05-b7a7-47b6-8cf0-6cd72e7554c0/elements[39m
[35m[HTTP][39m [90m{"using":"xpath","value":"//*[@class = 'android.widget.TextView' and (@text = 'Category' or . = 'Category') and @resource-id = 'com.solodroid.solomerce:id/smallLabel']"}[39m
[35m[HTTP][39m [37m<-- POST /wd/hub/session/8e419b05-b7a7-47b6-8cf0-6cd72e7554c0/elements [39m[32m200[39m [90m178 ms - 139[39m
[35m[HTTP][39m [90m[39m
[35m[HTTP][39m [37m-->[39m [37mGET[39m [37m/wd/hub/session/8e419b05-b7a7-47b6-8cf0-6cd72e7554c0/element/00000000-0000-0684-ffff-ffff00000022/location[39m
[35m[HTTP][39m [90m{}[39m
[35m[W3C (8e419b05)][39m Driver proxy active, passing request on via HTTP proxy
[35m[WD Proxy][39m Replacing sessionId f1a36524-7168-4680-a0c2-ad0cce38b4ee with 8e419b05-b7a7-47b6-8cf0-6cd72e7554c0
[35m[HTTP][39m [37m<-- GET /wd/hub/session/8e419b05-b7a7-47b6-8cf0-6cd72e7554c0/element/00000000-0000-0684-ffff-ffff00000022/location [39m[32m200[39m [90m19 ms - 79[39m
[35m[HTTP][39m [90m[39m
[35m[HTTP][39m [37m-->[39m [37mPOST[39m [37m/wd/hub/session/8e419b05-b7a7-47b6-8cf0-6cd72e7554c0/elements[39m
[35m[HTTP][39m [90m{"using":"xpath","value":"//*[@class = 'android.widget.TextView' and (@text = 'Category' or . = 'Category') and @resource-id = 'com.solodroid.solomerce:id/smallLabel']"}[39m
[35m[HTTP][39m [37m<-- POST /wd/hub/session/8e419b05-b7a7-47b6-8cf0-6cd72e7554c0/elements [39m[32m200[39m [90m173 ms - 139[39m
[35m[HTTP][39m [90m[39m
[35m[HTTP][39m [37m-->[39m [37mGET[39m [37m/wd/hub/session/8e419b05-b7a7-47b6-8cf0-6cd72e7554c0/element/00000000-0000-0684-ffff-ffff00000022/location[39m
[35m[HTTP][39m [90m{}[39m
[35m[W3C (8e419b05)][39m Driver proxy active, passing request on via HTTP proxy
[35m[WD Proxy][39m Replacing sessionId f1a36524-7168-4680-a0c2-ad0cce38b4ee with 8e419b05-b7a7-47b6-8cf0-6cd72e7554c0
[35m[HTTP][39m [37m<-- GET /wd/hub/session/8e419b05-b7a7-47b6-8cf0-6cd72e7554c0/element/00000000-0000-0684-ffff-ffff00000022/location [39m[32m200[39m [90m29 ms - 79[39m
[35m[HTTP][39m [90m[39m
[35m[HTTP][39m [37m-->[39m [37mPOST[39m [37m/wd/hub/session/8e419b05-b7a7-47b6-8cf0-6cd72e7554c0/elements[39m
[35m[HTTP][39m [90m{"using":"xpath","value":"//*[@class = 'android.widget.TextView' and (@text = 'Category' or . = 'Category') and @resource-id = 'com.solodroid.solomerce:id/smallLabel']"}[39m
[35m[HTTP][39m [37m<-- POST /wd/hub/session/8e419b05-b7a7-47b6-8cf0-6cd72e7554c0/elements [39m[32m200[39m [90m191 ms - 139[39m
[35m[HTTP][39m [90m[39m
[35m[HTTP][39m [37m-->[39m [37mGET[39m [37m/wd/hub/session/8e419b05-b7a7-47b6-8cf0-6cd72e7554c0/element/00000000-0000-0684-ffff-ffff00000022/location[39m
[35m[HTTP][39m [90m{}[39m
[35m[W3C (8e419b05)][39m Driver proxy active, passing request on via HTTP proxy
[35m[WD Proxy][39m Replacing sessionId f1a36524-7168-4680-a0c2-ad0cce38b4ee with 8e419b05-b7a7-47b6-8cf0-6cd72e7554c0
[35m[HTTP][39m [37m<-- GET /wd/hub/session/8e419b05-b7a7-47b6-8cf0-6cd72e7554c0/element/00000000-0000-0684-ffff-ffff00000022/location [39m[32m200[39m [90m24 ms - 79[39m
[35m[HTTP][39m [90m[39m
[35m[HTTP][39m [37m-->[39m [37mPOST[39m [37m/wd/hub/session/8e419b05-b7a7-47b6-8cf0-6cd72e7554c0/elements[39m
[35m[HTTP][39m [90m{"using":"xpath","value":"//*[@class = 'android.widget.TextView' and (@text = 'Category' or . = 'Category') and @resource-id = 'com.solodroid.solomerce:id/smallLabel']"}[39m
[35m[HTTP][39m [37m<-- POST /wd/hub/session/8e419b05-b7a7-47b6-8cf0-6cd72e7554c0/elements [39m[32m200[39m [90m239 ms - 139[39m
[35m[HTTP][39m [90m[39m
[35m[HTTP][39m [37m-->[39m [37mGET[39m [37m/wd/hub/session/8e419b05-b7a7-47b6-8cf0-6cd72e7554c0/element/00000000-0000-0684-ffff-ffff00000022/location[39m
[35m[HTTP][39m [90m{}[39m
[35m[W3C (8e419b05)][39m Driver proxy active, passing request on via HTTP proxy
[35m[WD Proxy][39m Replacing sessionId f1a36524-7168-4680-a0c2-ad0cce38b4ee with 8e419b05-b7a7-47b6-8cf0-6cd72e7554c0
[35m[HTTP][39m [37m<-- GET /wd/hub/session/8e419b05-b7a7-47b6-8cf0-6cd72e7554c0/element/00000000-0000-0684-ffff-ffff00000022/location [39m[32m200[39m [90m24 ms - 79[39m
[35m[HTTP][39m [90m[39m
[35m[HTTP][39m [37m-->[39m [37mPOST[39m [37m/wd/hub/session/8e419b05-b7a7-47b6-8cf0-6cd72e7554c0/elements[39m
[35m[HTTP][39m [90m{"using":"xpath","value":"//*[@class = 'android.widget.TextView' and (@text = 'Category' or . = 'Category') and @resource-id = 'com.solodroid.solomerce:id/smallLabel']"}[39m
[35m[HTTP][39m [37m<-- POST /wd/hub/session/8e419b05-b7a7-47b6-8cf0-6cd72e7554c0/elements [39m[32m200[39m [90m167 ms - 139[39m
[35m[HTTP][39m [90m[39m
[35m[HTTP][39m [37m-->[39m [37mGET[39m [37m/wd/hub/session/8e419b05-b7a7-47b6-8cf0-6cd72e7554c0/element/00000000-0000-0684-ffff-ffff00000022/location[39m
[35m[HTTP][39m [90m{}[39m
[35m[W3C (8e419b05)][39m Driver proxy active, passing request on via HTTP proxy
[35m[WD Proxy][39m Replacing sessionId f1a36524-7168-4680-a0c2-ad0cce38b4ee with 8e419b05-b7a7-47b6-8cf0-6cd72e7554c0
[35m[HTTP][39m [37m<-- GET /wd/hub/session/8e419b05-b7a7-47b6-8cf0-6cd72e7554c0/element/00000000-0000-0684-ffff-ffff00000022/location [39m[32m200[39m [90m20 ms - 79[39m
[35m[HTTP][39m [90m[39m
[35m[HTTP][39m [37m-->[39m [37mPOST[39m [37m/wd/hub/session/8e419b05-b7a7-47b6-8cf0-6cd72e7554c0/elements[39m
[35m[HTTP][39m [90m{"using":"xpath","value":"//*[@class = 'android.widget.TextView' and (@text = 'Category' or . = 'Category') and @resource-id = 'com.solodroid.solomerce:id/smallLabel']"}[39m
[35m[HTTP][39m [37m<-- POST /wd/hub/session/8e419b05-b7a7-47b6-8cf0-6cd72e7554c0/elements [39m[32m200[39m [90m116 ms - 139[39m
[35m[HTTP][39m [90m[39m
[35m[HTTP][39m [37m-->[39m [37mGET[39m [37m/wd/hub/session/8e419b05-b7a7-47b6-8cf0-6cd72e7554c0/element/00000000-0000-0684-ffff-ffff00000022/location[39m
[35m[HTTP][39m [90m{}[39m
[35m[W3C (8e419b05)][39m Driver proxy active, passing request on via HTTP proxy
[35m[WD Proxy][39m Replacing sessionId f1a36524-7168-4680-a0c2-ad0cce38b4ee with 8e419b05-b7a7-47b6-8cf0-6cd72e7554c0
[35m[HTTP][39m [37m<-- GET /wd/hub/session/8e419b05-b7a7-47b6-8cf0-6cd72e7554c0/element/00000000-0000-0684-ffff-ffff00000022/location [39m[32m200[39m [90m21 ms - 79[39m
[35m[HTTP][39m [90m[39m
[35m[HTTP][39m [37m-->[39m [37mPOST[39m [37m/wd/hub/session/8e419b05-b7a7-47b6-8cf0-6cd72e7554c0/elements[39m
[35m[HTTP][39m [90m{"using":"xpath","value":"//*[@class = 'android.widget.TextView' and (@text = 'Category' or . = 'Category') and @resource-id = 'com.solodroid.solomerce:id/smallLabel']"}[39m
[35m[HTTP][39m [37m<-- POST /wd/hub/session/8e419b05-b7a7-47b6-8cf0-6cd72e7554c0/elements [39m[32m200[39m [90m112 ms - 139[39m
[35m[HTTP][39m [90m[39m
[35m[HTTP][39m [37m-->[39m [37mGET[39m [37m/wd/hub/session/8e419b05-b7a7-47b6-8cf0-6cd72e7554c0/element/00000000-0000-0684-ffff-ffff00000022/location[39m
[35m[HTTP][39m [90m{}[39m
[35m[W3C (8e419b05)][39m Driver proxy active, passing request on via HTTP proxy
[35m[WD Proxy][39m Replacing sessionId f1a36524-7168-4680-a0c2-ad0cce38b4ee with 8e419b05-b7a7-47b6-8cf0-6cd72e7554c0
[35m[HTTP][39m [37m<-- GET /wd/hub/session/8e419b05-b7a7-47b6-8cf0-6cd72e7554c0/element/00000000-0000-0684-ffff-ffff00000022/location [39m[32m200[39m [90m18 ms - 79[39m
[35m[HTTP][39m [90m[39m
[35m[HTTP][39m [37m-->[39m [37mPOST[39m [37m/wd/hub/session/8e419b05-b7a7-47b6-8cf0-6cd72e7554c0/elements[39m
[35m[HTTP][39m [90m{"using":"xpath","value":"//*[@class = 'android.widget.TextView' and (@text = 'Category' or . = 'Category') and @resource-id = 'com.solodroid.solomerce:id/smallLabel']"}[39m
[35m[HTTP][39m [37m<-- POST /wd/hub/session/8e419b05-b7a7-47b6-8cf0-6cd72e7554c0/elements [39m[32m200[39m [90m118 ms - 139[39m
[35m[HTTP][39m [90m[39m
[35m[HTTP][39m [37m-->[39m [37mGET[39m [37m/wd/hub/session/8e419b05-b7a7-47b6-8cf0-6cd72e7554c0/element/00000000-0000-0684-ffff-ffff00000022/location[39m
[35m[HTTP][39m [90m{}[39m
[35m[W3C (8e419b05)][39m Driver proxy active, passing request on via HTTP proxy
[35m[WD Proxy][39m Replacing sessionId f1a36524-7168-4680-a0c2-ad0cce38b4ee with 8e419b05-b7a7-47b6-8cf0-6cd72e7554c0
[35m[HTTP][39m [37m<-- GET /wd/hub/session/8e419b05-b7a7-47b6-8cf0-6cd72e7554c0/element/00000000-0000-0684-ffff-ffff00000022/location [39m[32m200[39m [90m21 ms - 79[39m
[35m[HTTP][39m [90m[39m
[35m[HTTP][39m [37m-->[39m [37mPOST[39m [37m/wd/hub/session/8e419b05-b7a7-47b6-8cf0-6cd72e7554c0/elements[39m
[35m[HTTP][39m [90m{"using":"xpath","value":"//*[@class = 'android.widget.TextView' and (@text = 'Category' or . = 'Category') and @resource-id = 'com.solodroid.solomerce:id/smallLabel']"}[39m
[35m[HTTP][39m [37m<-- POST /wd/hub/session/8e419b05-b7a7-47b6-8cf0-6cd72e7554c0/elements [39m[32m200[39m [90m132 ms - 139[39m
[35m[HTTP][39m [90m[39m
[35m[HTTP][39m [37m-->[39m [37mGET[39m [37m/wd/hub/session/8e419b05-b7a7-47b6-8cf0-6cd72e7554c0/element/00000000-0000-0684-ffff-ffff00000022/location[39m
[35m[HTTP][39m [90m{}[39m
[35m[W3C (8e419b05)][39m Driver proxy active, passing request on via HTTP proxy
[35m[WD Proxy][39m Replacing sessionId f1a36524-7168-4680-a0c2-ad0cce38b4ee with 8e419b05-b7a7-47b6-8cf0-6cd72e7554c0
[35m[HTTP][39m [37m<-- GET /wd/hub/session/8e419b05-b7a7-47b6-8cf0-6cd72e7554c0/element/00000000-0000-0684-ffff-ffff00000022/location [39m[32m200[39m [90m23 ms - 79[39m
[35m[HTTP][39m [90m[39m
[35m[HTTP][39m [37m-->[39m [37mPOST[39m [37m/wd/hub/session/8e419b05-b7a7-47b6-8cf0-6cd72e7554c0/elements[39m
[35m[HTTP][39m [90m{"using":"xpath","value":"//*[@class = 'android.widget.TextView' and (@text = 'Category' or . = 'Category') and @resource-id = 'com.solodroid.solomerce:id/smallLabel']"}[39m
[35m[HTTP][39m [37m<-- POST /wd/hub/session/8e419b05-b7a7-47b6-8cf0-6cd72e7554c0/elements [39m[32m200[39m [90m164 ms - 139[39m
[35m[HTTP][39m [90m[39m
[35m[HTTP][39m [37m-->[39m [37mGET[39m [37m/wd/hub/session/8e419b05-b7a7-47b6-8cf0-6cd72e7554c0/element/00000000-0000-0684-ffff-ffff00000022/location[39m
[35m[HTTP][39m [90m{}[39m
[35m[W3C (8e419b05)][39m Driver proxy active, passing request on via HTTP proxy
[35m[WD Proxy][39m Replacing sessionId f1a36524-7168-4680-a0c2-ad0cce38b4ee with 8e419b05-b7a7-47b6-8cf0-6cd72e7554c0
[35m[HTTP][39m [37m<-- GET /wd/hub/session/8e419b05-b7a7-47b6-8cf0-6cd72e7554c0/element/00000000-0000-0684-ffff-ffff00000022/location [39m[32m200[39m [90m21 ms - 79[39m
[35m[HTTP][39m [90m[39m
[35m[HTTP][39m [37m-->[39m [37mPOST[39m [37m/wd/hub/session/8e419b05-b7a7-47b6-8cf0-6cd72e7554c0/elements[39m
[35m[HTTP][39m [90m{"using":"xpath","value":"//*[@class = 'android.widget.TextView' and (@text = 'Category' or . = 'Category') and @resource-id = 'com.solodroid.solomerce:id/smallLabel']"}[39m
[35m[HTTP][39m [37m<-- POST /wd/hub/session/8e419b05-b7a7-47b6-8cf0-6cd72e7554c0/elements [39m[32m200[39m [90m166 ms - 139[39m
[35m[HTTP][39m [90m[39m
[35m[HTTP][39m [37m-->[39m [37mGET[39m [37m/wd/hub/session/8e419b05-b7a7-47b6-8cf0-6cd72e7554c0/element/00000000-0000-0684-ffff-ffff00000022/location[39m
[35m[HTTP][39m [90m{}[39m
[35m[W3C (8e419b05)][39m Driver proxy active, passing request on via HTTP proxy
[35m[WD Proxy][39m Replacing sessionId f1a36524-7168-4680-a0c2-ad0cce38b4ee with 8e419b05-b7a7-47b6-8cf0-6cd72e7554c0
[35m[HTTP][39m [37m<-- GET /wd/hub/session/8e419b05-b7a7-47b6-8cf0-6cd72e7554c0/element/00000000-0000-0684-ffff-ffff00000022/location [39m[32m200[39m [90m24 ms - 79[39m
[35m[HTTP][39m [90m[39m
[35m[HTTP][39m [37m-->[39m [37mPOST[39m [37m/wd/hub/session/8e419b05-b7a7-47b6-8cf0-6cd72e7554c0/elements[39m
[35m[HTTP][39m [90m{"using":"xpath","value":"//*[@class = 'android.widget.TextView' and (@text = 'Category' or . = 'Category') and @resource-id = 'com.solodroid.solomerce:id/smallLabel']"}[39m
[35m[HTTP][39m [37m<-- POST /wd/hub/session/8e419b05-b7a7-47b6-8cf0-6cd72e7554c0/elements [39m[32m200[39m [90m205 ms - 139[39m
[35m[HTTP][39m [90m[39m
[35m[HTTP][39m [37m-->[39m [37mGET[39m [37m/wd/hub/session/8e419b05-b7a7-47b6-8cf0-6cd72e7554c0/element/00000000-0000-0684-ffff-ffff00000022/location[39m
[35m[HTTP][39m [90m{}[39m
[35m[W3C (8e419b05)][39m Driver proxy active, passing request on via HTTP proxy
[35m[WD Proxy][39m Replacing sessionId f1a36524-7168-4680-a0c2-ad0cce38b4ee with 8e419b05-b7a7-47b6-8cf0-6cd72e7554c0
[35m[HTTP][39m [37m<-- GET /wd/hub/session/8e419b05-b7a7-47b6-8cf0-6cd72e7554c0/element/00000000-0000-0684-ffff-ffff00000022/location [39m[32m200[39m [90m23 ms - 79[39m
[35m[HTTP][39m [90m[39m
[35m[HTTP][39m [37m-->[39m [37mPOST[39m [37m/wd/hub/session/8e419b05-b7a7-47b6-8cf0-6cd72e7554c0/element/00000000-0000-0684-ffff-ffff00000022/click[39m
[35m[HTTP][39m [90m{"id":"00000000-0000-0684-ffff-ffff00000022"}[39m
[35m[HTTP][39m [37m<-- POST /wd/hub/session/8e419b05-b7a7-47b6-8cf0-6cd72e7554c0/element/00000000-0000-0684-ffff-ffff00000022/click [39m[32m200[39m [90m81 ms - 14[39m
[35m[HTTP][39m [90m[39m
[35m[HTTP][39m [37m-->[39m [37mGET[39m [37m/wd/hub/session/8e419b05-b7a7-47b6-8cf0-6cd72e7554c0/source[39m
[35m[HTTP][39m [90m{}[39m
[35m[W3C (8e419b05)][39m Driver proxy active, passing request on via HTTP proxy
[35m[WD Proxy][39m Replacing sessionId f1a36524-7168-4680-a0c2-ad0cce38b4ee with 8e419b05-b7a7-47b6-8cf0-6cd72e7554c0
[35m[HTTP][39m [37m<-- GET /wd/hub/session/8e419b05-b7a7-47b6-8cf0-6cd72e7554c0/source [39m[32m200[39m [90m473 ms - 33692[39m
[35m[HTTP][39m [90m[39m
[35m[HTTP][39m [37m-->[39m [37mGET[39m [37m/wd/hub/session/8e419b05-b7a7-47b6-8cf0-6cd72e7554c0/screenshot[39m
[35m[HTTP][39m [90m{}[39m
[35m[HTTP][39m [37m<-- GET /wd/hub/session/8e419b05-b7a7-47b6-8cf0-6cd72e7554c0/screenshot [39m[32m200[39m [90m899 ms - 272948[39m
[35m[HTTP][39m [90m[39m
[35m[HTTP][39m [37m-->[39m [37mPOST[39m [37m/wd/hub/session/8e419b05-b7a7-47b6-8cf0-6cd72e7554c0/elements[39m
[35m[HTTP][39m [90m{"using":"xpath","value":"//*[@class = 'android.widget.RelativeLayout' and (@text = '' or . = '')]"}[39m
[35m[HTTP][39m [37m<-- POST /wd/hub/session/8e419b05-b7a7-47b6-8cf0-6cd72e7554c0/elements [39m[32m200[39m [90m199 ms - 1035[39m
[35m[HTTP][39m [90m[39m
[35m[HTTP][39m [37m-->[39m [37mPOST[39m [37m/wd/hub/session/8e419b05-b7a7-47b6-8cf0-6cd72e7554c0/elements[39m
[35m[HTTP][39m [90m{"using":"-android uiautomator","value":"new UiSelector().className(\"android.widget.RelativeLayout\")"}[39m
[35m[HTTP][39m [37m<-- POST /wd/hub/session/8e419b05-b7a7-47b6-8cf0-6cd72e7554c0/elements [39m[32m200[39m [90m178 ms - 1035[39m
[35m[HTTP][39m [90m[39m
[35m[HTTP][39m [37m-->[39m [37mGET[39m [37m/wd/hub/session/8e419b05-b7a7-47b6-8cf0-6cd72e7554c0/window/rect[39m
[35m[HTTP][39m [90m{}[39m
[35m[HTTP][39m [37m<-- GET /wd/hub/session/8e419b05-b7a7-47b6-8cf0-6cd72e7554c0/window/rect [39m[32m200[39m [90m16 ms - 50[39m
[35m[HTTP][39m [90m[39m
[35m[HTTP][39m [37m-->[39m [37mPOST[39m [37m/wd/hub/session/8e419b05-b7a7-47b6-8cf0-6cd72e7554c0/elements[39m
[35m[HTTP][39m [90m{"using":"xpath","value":"//hierarchy/android.widget.FrameLayout[1]/android.widget.LinearLayout[1]/android.widget.FrameLayout[1]/android.widget.LinearLayout[1]/android.widget.FrameLayout[1]/android.widget.RelativeLayout[1]/android.view.ViewGroup[1]/android.support.v4.view.ViewPager[1]/android.widget.LinearLayout[1]/android.view.ViewGroup[1]/android.support.v7.widget.RecyclerView[1]/android.widget.FrameLayout[1]/android.widget.RelativeLayout[1]"}[39m
[35m[HTTP][39m [37m<-- POST /wd/hub/session/8e419b05-b7a7-47b6-8cf0-6cd72e7554c0/elements [39m[32m200[39m [90m123 ms - 139[39m
[35m[HTTP][39m [90m[39m
[35m[HTTP][39m [37m-->[39m [37mGET[39m [37m/wd/hub/session/8e419b05-b7a7-47b6-8cf0-6cd72e7554c0/element/00000000-0000-0684-ffff-ffff0000005c/location[39m
[35m[HTTP][39m [90m{}[39m
[35m[W3C (8e419b05)][39m Driver proxy active, passing request on via HTTP proxy
[35m[WD Proxy][39m Replacing sessionId f1a36524-7168-4680-a0c2-ad0cce38b4ee with 8e419b05-b7a7-47b6-8cf0-6cd72e7554c0
[35m[HTTP][39m [37m<-- GET /wd/hub/session/8e419b05-b7a7-47b6-8cf0-6cd72e7554c0/element/00000000-0000-0684-ffff-ffff0000005c/location [39m[32m200[39m [90m19 ms - 77[39m
[35m[HTTP][39m [90m[39m
[35m[HTTP][39m [37m-->[39m [37mPOST[39m [37m/wd/hub/session/8e419b05-b7a7-47b6-8cf0-6cd72e7554c0/element/00000000-0000-0684-ffff-ffff0000005c/click[39m
[35m[HTTP][39m [90m{"id":"00000000-0000-0684-ffff-ffff0000005c"}[39m
[35m[HTTP][39m [37m<-- POST /wd/hub/session/8e419b05-b7a7-47b6-8cf0-6cd72e7554c0/element/00000000-0000-0684-ffff-ffff0000005c/click [39m[32m200[39m [90m1818 ms - 14[39m
[35m[HTTP][39m [90m[39m
[35m[HTTP][39m [37m-->[39m [37mGET[39m [37m/wd/hub/session/8e419b05-b7a7-47b6-8cf0-6cd72e7554c0/source[39m
[35m[HTTP][39m [90m{}[39m
[35m[W3C (8e419b05)][39m Driver proxy active, passing request on via HTTP proxy
[35m[WD Proxy][39m Replacing sessionId f1a36524-7168-4680-a0c2-ad0cce38b4ee with 8e419b05-b7a7-47b6-8cf0-6cd72e7554c0
[35m[HTTP][39m [37m<-- GET /wd/hub/session/8e419b05-b7a7-47b6-8cf0-6cd72e7554c0/source [39m[32m200[39m [90m210 ms - 22392[39m
[35m[HTTP][39m [90m[39m
[35m[HTTP][39m [37m-->[39m [37mGET[39m [37m/wd/hub/session/8e419b05-b7a7-47b6-8cf0-6cd72e7554c0/screenshot[39m
[35m[HTTP][39m [90m{}[39m
[35m[HTTP][39m [37m<-- GET /wd/hub/session/8e419b05-b7a7-47b6-8cf0-6cd72e7554c0/screenshot [39m[32m200[39m [90m1659 ms - 1590454[39m
[35m[HTTP][39m [90m[39m
[35m[HTTP][39m [37m-->[39m [37mDELETE[39m [37m/wd/hub/session/8e419b05-b7a7-47b6-8cf0-6cd72e7554c0[39m
[35m[HTTP][39m [90m{}[39m
[35m[Appium][39m Removing session 8e419b05-b7a7-47b6-8cf0-6cd72e7554c0 from our master session list
[35m[UiAutomator2][39m Restoring hidden api policy to the device default configuration
[35m[HTTP][39m [37m<-- DELETE /wd/hub/session/8e419b05-b7a7-47b6-8cf0-6cd72e7554c0 [39m[32m200[39m [90m485 ms - 14[39m
[35m[HTTP][39m [90m[39m
